Information: Updating design information... (UID-85)
 
****************************************
Report : timing
        -path full
        -delay min
        -max_paths 1
Design : MyDesign
Version: T-2022.03-SP4
Date   : Wed Nov 13 21:01:59 2024
****************************************

Operating Conditions: fast   Library: NangateOpenCellLibrary_PDKv1_2_v2008_10_fast_nldm
Wire Load Model Mode: top

  Startpoint: HW6_inst/all_elements_computed_reg
              (rising edge-triggered flip-flop clocked by clk)
  Endpoint: HW6_inst/row_complete_reg
            (rising edge-triggered flip-flop clocked by clk)
  Path Group: clk
  Path Type: min

  Point                                                   Incr       Path
  --------------------------------------------------------------------------
  clock clk (rise edge)                                 0.0000     0.0000
  clock network delay (ideal)                           0.0000     0.0000
  HW6_inst/all_elements_computed_reg/CK (DFF_X1)        0.0000     0.0000 r
  HW6_inst/all_elements_computed_reg/Q (DFF_X1)         0.0535     0.0535 r
  U7628/ZN (NOR2_X1)                                    0.0177     0.0712 f
  HW6_inst/row_complete_reg/D (DFF_X1)                  0.0000     0.0712 f
  data arrival time                                                0.0712

  clock clk (rise edge)                                 0.0000     0.0000
  clock network delay (ideal)                           0.0000     0.0000
  clock uncertainty                                     0.0500     0.0500
  HW6_inst/row_complete_reg/CK (DFF_X1)                 0.0000     0.0500 r
  library hold time                                     0.0007     0.0507
  data required time                                               0.0507
  --------------------------------------------------------------------------
  data required time                                               0.0507
  data arrival time                                               -0.0712
  --------------------------------------------------------------------------
  slack (MET)                                                      0.0205


1
